0 info it worked if it ends with ok
1 verbose cli [ '/Users/mmmcelwee/.nvm/versions/node/v6.6.0/bin/node',
1 verbose cli   '/Users/mmmcelwee/.nvm/versions/node/v6.6.0/bin/npm',
1 verbose cli   'publish',
1 verbose cli   '.' ]
2 info using npm@3.10.3
3 info using node@v6.6.0
4 verbose publish [ '.' ]
5 silly cache add args [ '.', null ]
6 verbose cache add spec .
7 silly cache add parsed spec Result {
7 silly cache add   raw: '.',
7 silly cache add   scope: null,
7 silly cache add   escapedName: null,
7 silly cache add   name: null,
7 silly cache add   rawSpec: '.',
7 silly cache add   spec: '/Users/mmmcelwee/repos/onesignal-promise-nodejs',
7 silly cache add   type: 'directory' }
8 verbose addLocalDirectory /Users/mmmcelwee/.npm/onesignal-promise/1.0.1/package.tgz not in flight; packing
9 verbose correctMkdir /Users/mmmcelwee/.npm correctMkdir not in flight; initializing
10 info lifecycle onesignal-promise@1.0.1~prepublish: onesignal-promise@1.0.1
11 silly lifecycle onesignal-promise@1.0.1~prepublish: no script for prepublish, continuing
12 verbose tar pack [ '/Users/mmmcelwee/.npm/onesignal-promise/1.0.1/package.tgz',
12 verbose tar pack   '/Users/mmmcelwee/repos/onesignal-promise-nodejs' ]
13 verbose tarball /Users/mmmcelwee/.npm/onesignal-promise/1.0.1/package.tgz
14 verbose folder /Users/mmmcelwee/repos/onesignal-promise-nodejs
15 verbose addLocalTarball adding from inside cache /Users/mmmcelwee/.npm/onesignal-promise/1.0.1/package.tgz
16 verbose correctMkdir /Users/mmmcelwee/.npm correctMkdir not in flight; initializing
17 silly cache afterAdd onesignal-promise@1.0.1
18 verbose afterAdd /Users/mmmcelwee/.npm/onesignal-promise/1.0.1/package/package.json not in flight; writing
19 verbose correctMkdir /Users/mmmcelwee/.npm correctMkdir not in flight; initializing
20 verbose afterAdd /Users/mmmcelwee/.npm/onesignal-promise/1.0.1/package/package.json written
21 silly publish { name: 'onesignal-promise',
21 silly publish   version: '1.0.1',
21 silly publish   description: 'An asynchronous wrapper for OneSignal notification API',
21 silly publish   main: 'index.js',
21 silly publish   scripts: { test: 'tape \'src/**/*.test.js\'' },
21 silly publish   repository:
21 silly publish    { type: 'git',
21 silly publish      url: 'git+https://github.com/Renddslow/onesignal-promise-nodejs.git' },
21 silly publish   keywords:
21 silly publish    [ 'onesignal',
21 silly publish      'notifications',
21 silly publish      'one-signal',
21 silly publish      'notification',
21 silly publish      'apns',
21 silly publish      'gcm',
21 silly publish      'promises' ],
21 silly publish   author: { name: 'Matt McElwee', email: 'mubatt@wyopub.com' },
21 silly publish   license: 'MIT',
21 silly publish   bugs: { url: 'https://github.com/Renddslow/onesignal-promise-nodejs/issues' },
21 silly publish   homepage: 'https://github.com/Renddslow/onesignal-promise-nodejs#readme',
21 silly publish   devDependencies: { tape: '^4.8.0' },
21 silly publish   dependencies: { request: '^2.83.0', 'request-promise': '^4.2.2' },
21 silly publish   readme: '# OneSignal Promise SDK\nA super simple promise-based node sdk for creating, canceling, and view notifications in OneSignal.\n\n# Super simple to use\n```js\nconst oneSignal = require(\'onesignal-promise\')({ appId: \'APP_ID\', apiKey: \'API_KEY\' });\noneSignal.createNotification({ contents: {\'en\': \'Hello World\'} })\n\t.then(res => {\n\t\tif (!res.errors) {\n\t\t\tconsole.log(res.id);\n\t\t}\n\t});\n```\n\n# Installation\n```\nnpm install --save onesignal-promise\n```\n\n',
21 silly publish   readmeFilename: 'README.md',
21 silly publish   gitHead: '8c36e8354175b08b963e10d3a73ea295054c31be',
21 silly publish   _id: 'onesignal-promise@1.0.1',
21 silly publish   _shasum: '5472ab54c906a04b2858d901733ace0244b02428',
21 silly publish   _from: '.' }
22 verbose getPublishConfig undefined
23 silly mapToRegistry name onesignal-promise
24 silly mapToRegistry using default registry
25 silly mapToRegistry registry https://registry.npmjs.org/
26 silly mapToRegistry data Result {
26 silly mapToRegistry   raw: 'onesignal-promise',
26 silly mapToRegistry   scope: null,
26 silly mapToRegistry   escapedName: 'onesignal-promise',
26 silly mapToRegistry   name: 'onesignal-promise',
26 silly mapToRegistry   rawSpec: '',
26 silly mapToRegistry   spec: 'latest',
26 silly mapToRegistry   type: 'tag' }
27 silly mapToRegistry uri https://registry.npmjs.org/onesignal-promise
28 verbose publish registryBase https://registry.npmjs.org/
29 silly publish uploading /Users/mmmcelwee/.npm/onesignal-promise/1.0.1/package.tgz
30 verbose request uri https://registry.npmjs.org/onesignal-promise
31 verbose request sending authorization for write operation
32 info attempt registry request try #1 at 4:13:57 PM
33 verbose request using bearer token for auth
34 verbose request id 8d9f8af8a69b006e
35 http request PUT https://registry.npmjs.org/onesignal-promise
36 http 403 https://registry.npmjs.org/onesignal-promise
37 verbose headers { 'content-type': 'application/json',
37 verbose headers   'cache-control': 'max-age=300',
37 verbose headers   'content-length': '91',
37 verbose headers   'accept-ranges': 'bytes',
37 verbose headers   date: 'Wed, 15 Nov 2017 22:13:59 GMT',
37 verbose headers   via: '1.1 varnish',
37 verbose headers   connection: 'keep-alive',
37 verbose headers   'x-served-by': 'cache-ord1730-ORD',
37 verbose headers   'x-cache': 'MISS',
37 verbose headers   'x-cache-hits': '0',
37 verbose headers   'x-timer': 'S1510784038.939368,VS0,VE1130',
37 verbose headers   vary: 'Accept-Encoding, Accept' }
38 verbose request invalidating /Users/mmmcelwee/.npm/registry.npmjs.org/onesignal-promise on PUT
39 error publish Failed PUT 403
40 verbose stack Error: You cannot publish over the previously published version 1.0.1. : onesignal-promise
40 verbose stack     at makeError (/Users/mmmcelwee/.nvm/versions/node/v6.6.0/lib/node_modules/npm/node_modules/npm-registry-client/lib/request.js:264:12)
40 verbose stack     at CachingRegistryClient.<anonymous> (/Users/mmmcelwee/.nvm/versions/node/v6.6.0/lib/node_modules/npm/node_modules/npm-registry-client/lib/request.js:252:14)
40 verbose stack     at Request._callback (/Users/mmmcelwee/.nvm/versions/node/v6.6.0/lib/node_modules/npm/node_modules/npm-registry-client/lib/request.js:172:14)
40 verbose stack     at Request.self.callback (/Users/mmmcelwee/.nvm/versions/node/v6.6.0/lib/node_modules/npm/node_modules/request/request.js:200:22)
40 verbose stack     at emitTwo (events.js:106:13)
40 verbose stack     at Request.emit (events.js:191:7)
40 verbose stack     at Request.<anonymous> (/Users/mmmcelwee/.nvm/versions/node/v6.6.0/lib/node_modules/npm/node_modules/request/request.js:1067:10)
40 verbose stack     at emitOne (events.js:101:20)
40 verbose stack     at Request.emit (events.js:188:7)
40 verbose stack     at IncomingMessage.<anonymous> (/Users/mmmcelwee/.nvm/versions/node/v6.6.0/lib/node_modules/npm/node_modules/request/request.js:988:12)
41 verbose statusCode 403
42 verbose pkgid onesignal-promise
43 verbose cwd /Users/mmmcelwee/repos/onesignal-promise-nodejs
44 error Darwin 17.2.0
45 error argv "/Users/mmmcelwee/.nvm/versions/node/v6.6.0/bin/node" "/Users/mmmcelwee/.nvm/versions/node/v6.6.0/bin/npm" "publish" "."
46 error node v6.6.0
47 error npm  v3.10.3
48 error code E403
49 error You cannot publish over the previously published version 1.0.1. : onesignal-promise
50 error If you need help, you may report this error at:
50 error     <https://github.com/npm/npm/issues>
51 verbose exit [ 1, true ]
